ant|latest
ansible|latest
artifactory|latest
authorize-project|latest
config-file-provider|latest
credentials|latest
credentials-binding|latest
email-ext|latest
envinject|latest
git|latest
git-client|latest
github|latest
github-branch-source|latest
lockable-resources|latest
m2release|latest
maven-plugin|latest
pipeline-aggregator-view|latest
pipeline-maven|latest
pipeline-model-definition|latest
resource-disposer|latest
script-security|latest
ssh-credentials|latest
subversion|latest
timestamper|latest
token-macro|latest
workflow-cps|latest
workflow-cps-global-lib|latest
workflow-remote-loader|latest
ldap|latest
nodejs|1.2.7
workflow-multibranch|2.20
